#
# There is insufficient memory for the Java Runtime Environment to continue.
# Native memory allocation (mmap) failed to map 22020096 bytes for G1 virtual space
# Possible reasons:
#   The system is out of physical RAM or swap space
#   The process is running with CompressedOops enabled, and the Java Heap may be blocking the growth of the native heap
# Possible solutions:
#   Reduce memory load on the system
#   Increase physical memory or swap space
#   Check if swap backing store is full
#   Decrease Java heap size (-Xmx/-Xms)
#   Decrease number of Java threads
#   Decrease Java thread stack sizes (-Xss)
#   Set larger code cache with -XX:ReservedCodeCacheSize=
#   JVM is running with Unscaled Compressed Oops mode in which the Java heap is
#     placed in the first 4GB address space. The Java Heap base address is the
#     maximum limit for the native heap growth. Please use -XX:HeapBaseMinAddress
#     to set the Java Heap base and to place the Java Heap above 4GB virtual address.
# This output file may be truncated or incomplete.
#
#  Out of Memory Error (os_windows.cpp:3532), pid=12832, tid=14732
#
# JRE version: OpenJDK Runtime Environment Temurin-17.0.2+8 (17.0.2+8) (build 17.0.2+8)
# Java VM: OpenJDK 64-Bit Server VM Temurin-17.0.2+8 (17.0.2+8, mixed mode, emulated-client, tiered, compressed oops, compressed class ptrs, g1 gc, windows-amd64)
# No core dump will be written. Minidumps are not enabled by default on client versions of Windows
#

---------------  S U M M A R Y ------------

Command Line: -Dcom.sun.management.jmxremote -Dcom.sun.management.jmxremote.port=64325 -Dcom.sun.management.jmxremote.authenticate=false -Dcom.sun.management.jmxremote.ssl=false -Djava.rmi.server.hostname=localhost -Dspring.jmx.enabled=true -Dspring.application.admin.enabled=true -XX:TieredStopAtLevel=1 -Dspring.boot.project.name=EurekaServer -Dfile.encoding=UTF-8 -XX:+ShowCodeDetailsInExceptionMessages com.cdac.server.EurekaServerApplication --spring.output.ansi.enabled=always

Host: AMD Ryzen 3 3250U with Radeon Graphics         , 4 cores, 5G,  Windows 10 , 64 bit Build 19041 (10.0.19041.1889)
Time: Fri Sep 23 07:07:55 2022 India Standard Time elapsed time: 80.311693 seconds (0d 0h 1m 20s)

---------------  T H R E A D  ---------------

Current thread (0x0000020d6d33ea20):  VMThread "VM Thread" [stack: 0x000000473f100000,0x000000473f200000] [id=14732]

Stack: [0x000000473f100000,0x000000473f200000]
Native frames: (J=compiled Java code, j=interpreted, Vv=VM code, C=native code)
V  [jvm.dll+0x67564a]
V  [jvm.dll+0x82fc04]
V  [jvm.dll+0x8313ae]
V  [jvm.dll+0x831a13]
V  [jvm.dll+0x245235]
V  [jvm.dll+0x672539]
V  [jvm.dll+0x666e82]
V  [jvm.dll+0x30401b]
V  [jvm.dll+0x30b566]
V  [jvm.dll+0x35b1fe]
V  [jvm.dll+0x35b42f]
V  [jvm.dll+0x2daf58]
V  [jvm.dll+0x2d920c]
V  [jvm.dll+0x2d87dc]
V  [jvm.dll+0x31c61b]
V  [jvm.dll+0x835ebb]
V  [jvm.dll+0x836bf4]
V  [jvm.dll+0x83710c]
V  [jvm.dll+0x8374e4]
V  [jvm.dll+0x8375b0]
V  [jvm.dll+0x7dff2a]
V  [jvm.dll+0x6744d5]
C  [ucrtbase.dll+0x21bb2]
C  [KERNEL32.DLL+0x17034]
C  [ntdll.dll+0x526a1]

VM_Operation (0x0000004742afcd60): G1CollectForAllocation, mode: safepoint, requested by thread 0x0000020d7e9eb450


---------------  P R O C E S S  ---------------

Threads class SMR info:
_java_thread_list=0x0000020d7aa147b0, length=74, elements={
0x0000020d793ef5f0, 0x0000020d793f2150, 0x0000020d79412e30, 0x0000020d794139b0,
0x0000020d79414a10, 0x0000020d7a00a080, 0x0000020d7a010d90, 0x0000020d7a0265a0,
0x0000020d7a187220, 0x0000020d7a2259a0, 0x0000020d7a81bdc0, 0x0000020d7a826000,
0x0000020d7a7c9460, 0x0000020d7a940f60, 0x0000020d7a967fc0, 0x0000020d7ab75e00,
0x0000020d7ab762d0, 0x0000020d7b82dad0, 0x0000020d7b82e940, 0x0000020d7b82dfa0,
0x0000020d7b82d130, 0x0000020d7b82e470, 0x0000020d7b82d600, 0x0000020d7e870520,
0x0000020d7e86e840, 0x0000020d7e875220, 0x0000020d7e86fb80, 0x0000020d7e86e370,
0x0000020d7e86d9d0, 0x0000020d7e870050, 0x0000020d7e86dea0, 0x0000020d7e8726d0,
0x0000020d7e872200, 0x0000020d7e8709f0, 0x0000020d7e870ec0, 0x0000020d7e86ed10,
0x0000020d7e874d50, 0x0000020d7e871d30, 0x0000020d7e872ba0, 0x0000020d7e873070,
0x0000020d7e871390, 0x0000020d7e871860, 0x0000020d7e86f1e0, 0x0000020d7e873ee0,
0x0000020d7e86f6b0, 0x0000020d7e873540, 0x0000020d7e8743b0, 0x0000020d7e873a10,
0x0000020d7e874880, 0x0000020d7e9eb450, 0x0000020d7e9ef7b0, 0x0000020d7e9f1e30,
0x0000020d7e9eb920, 0x0000020d7e9ecc60, 0x0000020d7e9f2300, 0x0000020d7e9ebdf0,
0x0000020d7e9ed130, 0x0000020d7e9eaf80, 0x0000020d7e9f0620, 0x0000020d7e9ec2c0,
0x0000020d7e9f0fc0, 0x0000020d7e9f0af0, 0x0000020d7e9efc80, 0x0000020d7e9f0150,
0x0000020d7e9f1490, 0x0000020d7e9ee470, 0x0000020d7e9f1960, 0x0000020d7e9ec790,
0x0000020d7e9f27d0, 0x0000020d7e9edad0, 0x0000020d7e9ee940, 0x0000020d7e9ed600,
0x0000020d7e9eee10, 0x0000020d7e9edfa0
}

Java Threads: ( => current thread )
  0x0000020d793ef5f0 JavaThread "Reference Handler" daemon [_thread_blocked, id=19568, stack(0x000000473f200000,0x000000473f300000)]
  0x0000020d793f2150 JavaThread "Finalizer" daemon [_thread_blocked, id=4780, stack(0x000000473f300000,0x000000473f400000)]
  0x0000020d79412e30 JavaThread "Signal Dispatcher" daemon [_thread_blocked, id=1896, stack(0x000000473f400000,0x000000473f500000)]
  0x0000020d794139b0 JavaThread "Attach Listener" daemon [_thread_blocked, id=20408, stack(0x000000473f500000,0x000000473f600000)]
  0x0000020d79414a10 JavaThread "Service Thread" daemon [_thread_blocked, id=19024, stack(0x000000473f600000,0x000000473f700000)]
  0x0000020d7a00a080 JavaThread "Monitor Deflation Thread" daemon [_thread_blocked, id=10484, stack(0x000000473f700000,0x000000473f800000)]
  0x0000020d7a010d90 JavaThread "C1 CompilerThread0" daemon [_thread_blocked, id=6348, stack(0x000000473f800000,0x000000473f900000)]
  0x0000020d7a0265a0 JavaThread "Sweeper thread" daemon [_thread_blocked, id=13980, stack(0x000000473f900000,0x000000473fa00000)]
  0x0000020d7a187220 JavaThread "Common-Cleaner" daemon [_thread_blocked, id=18476, stack(0x000000473fa00000,0x000000473fb00000)]
  0x0000020d7a2259a0 JavaThread "Notification Thread" daemon [_thread_blocked, id=12884, stack(0x000000473fd00000,0x000000473fe00000)]
  0x0000020d7a81bdc0 JavaThread "RMI TCP Accept-0" daemon [_thread_in_native, id=20280, stack(0x000000473ff00000,0x0000004740000000)]
  0x0000020d7a826000 JavaThread "RMI TCP Accept-64325" daemon [_thread_in_native, id=17436, stack(0x0000004740000000,0x0000004740100000)]
  0x0000020d7a7c9460 JavaThread "RMI TCP Accept-0" daemon [_thread_in_native, id=19764, stack(0x0000004740100000,0x0000004740200000)]
  0x0000020d7a940f60 JavaThread "RMI TCP Connection(idle)" daemon [_thread_blocked, id=17592, stack(0x0000004740600000,0x0000004740700000)]
  0x0000020d7a967fc0 JavaThread "RMI Scheduler(0)" daemon [_thread_blocked, id=7908, stack(0x0000004740700000,0x0000004740800000)]
  0x0000020d7ab75e00 JavaThread "RMI TCP Connection(idle)" daemon [_thread_blocked, id=7284, stack(0x0000004740800000,0x0000004740900000)]
  0x0000020d7ab762d0 JavaThread "JMX server connection timeout 21" daemon [_thread_blocked, id=2012, stack(0x0000004740900000,0x0000004740a00000)]
  0x0000020d7b82dad0 JavaThread "RMI TCP Connection(3)-127.0.0.1" daemon [_thread_in_native, id=20336, stack(0x0000004740a00000,0x0000004740b00000)]
  0x0000020d7b82e940 JavaThread "JMX server connection timeout 23" daemon [_thread_blocked, id=16892, stack(0x0000004740b00000,0x0000004740c00000)]
  0x0000020d7b82dfa0 JavaThread "Catalina-utility-1" [_thread_blocked, id=20120, stack(0x0000004740c00000,0x0000004740d00000)]
  0x0000020d7b82d130 JavaThread "Catalina-utility-2" [_thread_blocked, id=13436, stack(0x0000004740d00000,0x0000004740e00000)]
  0x0000020d7b82e470 JavaThread "container-0" [_thread_blocked, id=11492, stack(0x0000004740e00000,0x0000004740f00000)]
  0x0000020d7b82d600 JavaThread "spring.cloud.inetutils" daemon [_thread_blocked, id=7196, stack(0x0000004740f00000,0x0000004741000000)]
  0x0000020d7e870520 JavaThread "RMI TCP Connection(idle)" daemon [_thread_blocked, id=19540, stack(0x0000004741000000,0x0000004741100000)]
  0x0000020d7e86e840 JavaThread "Eureka-DeltaRetentionTimer" daemon [_thread_blocked, id=7448, stack(0x0000004741100000,0x0000004741200000)]
  0x0000020d7e875220 JavaThread "Eureka-EvictionTimer" daemon [_thread_blocked, id=4584, stack(0x0000004741200000,0x0000004741300000)]
  0x0000020d7e86fb80 JavaThread "Eureka-MeasureRateTimer" daemon [_thread_blocked, id=18468, stack(0x0000004741300000,0x0000004741400000)]
  0x0000020d7e86e370 JavaThread "ReplicaAwareInstanceRegistry - RenewalThresholdUpdater" daemon [_thread_blocked, id=17620, stack(0x0000004741400000,0x0000004741500000)]
  0x0000020d7e86d9d0 JavaThread "Eureka-MeasureRateTimer" daemon [_thread_blocked, id=6076, stack(0x0000004741500000,0x0000004741600000)]
  0x0000020d7e870050 JavaThread "Apache-HttpClient-Conn-Cleaner2" daemon [_thread_blocked, id=4100, stack(0x0000004741600000,0x0000004741700000)]
  0x0000020d7e86dea0 JavaThread "TaskAcceptor-target_localhost" daemon [_thread_blocked, id=12604, stack(0x0000004741700000,0x0000004741800000)]
  0x0000020d7e8726d0 JavaThread "StatsMonitor-0" daemon [_thread_blocked, id=17556, stack(0x0000004741800000,0x0000004741900000)]
  0x0000020d7e872200 JavaThread "TaskBatchingWorker-target_localhost-0" daemon [_thread_blocked, id=20376, stack(0x0000004741900000,0x0000004741a00000)]
  0x0000020d7e8709f0 JavaThread "TaskBatchingWorker-target_localhost-1" daemon [_thread_blocked, id=3424, stack(0x0000004741a00000,0x0000004741b00000)]
  0x0000020d7e870ec0 JavaThread "TaskBatchingWorker-target_localhost-2" daemon [_thread_blocked, id=4164, stack(0x0000004741b00000,0x0000004741c00000)]
  0x0000020d7e86ed10 JavaThread "TaskBatchingWorker-target_localhost-3" daemon [_thread_blocked, id=6500, stack(0x0000004741c00000,0x0000004741d00000)]
  0x0000020d7e874d50 JavaThread "TaskBatchingWorker-target_localhost-4" daemon [_thread_blocked, id=2448, stack(0x0000004741d00000,0x0000004741e00000)]
  0x0000020d7e871d30 JavaThread "TaskBatchingWorker-target_localhost-5" daemon [_thread_blocked, id=5268, stack(0x0000004741e00000,0x0000004741f00000)]
  0x0000020d7e872ba0 JavaThread "TaskBatchingWorker-target_localhost-6" daemon [_thread_blocked, id=16068, stack(0x0000004741f00000,0x0000004742000000)]
  0x0000020d7e873070 JavaThread "TaskBatchingWorker-target_localhost-7" daemon [_thread_blocked, id=15508, stack(0x0000004742000000,0x0000004742100000)]
  0x0000020d7e871390 JavaThread "TaskBatchingWorker-target_localhost-8" daemon [_thread_blocked, id=13848, stack(0x0000004742100000,0x0000004742200000)]
  0x0000020d7e871860 JavaThread "TaskBatchingWorker-target_localhost-9" daemon [_thread_blocked, id=20320, stack(0x0000004742200000,0x0000004742300000)]
  0x0000020d7e86f1e0 JavaThread "TaskBatchingWorker-target_localhost-10" daemon [_thread_blocked, id=15800, stack(0x0000004742300000,0x0000004742400000)]
  0x0000020d7e873ee0 JavaThread "TaskBatchingWorker-target_localhost-11" daemon [_thread_blocked, id=12688, stack(0x0000004742400000,0x0000004742500000)]
  0x0000020d7e86f6b0 JavaThread "TaskBatchingWorker-target_localhost-12" daemon [_thread_blocked, id=7340, stack(0x0000004742500000,0x0000004742600000)]
  0x0000020d7e873540 JavaThread "TaskBatchingWorker-target_localhost-13" daemon [_thread_blocked, id=9224, stack(0x0000004742600000,0x0000004742700000)]
  0x0000020d7e8743b0 JavaThread "TaskBatchingWorker-target_localhost-14" daemon [_thread_blocked, id=16616, stack(0x0000004742700000,0x0000004742800000)]
  0x0000020d7e873a10 JavaThread "TaskBatchingWorker-target_localhost-15" daemon [_thread_blocked, id=8204, stack(0x0000004742800000,0x0000004742900000)]
  0x0000020d7e874880 JavaThread "TaskBatchingWorker-target_localhost-16" daemon [_thread_blocked, id=18664, stack(0x0000004742900000,0x0000004742a00000)]
  0x0000020d7e9eb450 JavaThread "TaskBatchingWorker-target_localhost-17" daemon [_thread_blocked, id=15576, stack(0x0000004742a00000,0x0000004742b00000)]
  0x0000020d7e9ef7b0 JavaThread "TaskBatchingWorker-target_localhost-18" daemon [_thread_blocked, id=2588, stack(0x0000004742b00000,0x0000004742c00000)]
  0x0000020d7e9f1e30 JavaThread "TaskBatchingWorker-target_localhost-19" daemon [_thread_blocked, id=17692, stack(0x0000004742c00000,0x0000004742d00000)]
  0x0000020d7e9eb920 JavaThread "TaskAcceptor-localhost" daemon [_thread_blocked, id=3104, stack(0x0000004742d00000,0x0000004742e00000)]
  0x0000020d7e9ecc60 JavaThread "TaskNonBatchingWorker-localhost-0" daemon [_thread_blocked, id=584, stack(0x0000004742e00000,0x0000004742f00000)]
  0x0000020d7e9f2300 JavaThread "Eureka-PeerNodesUpdater" daemon [_thread_blocked, id=16584, stack(0x0000004742f00000,0x0000004743000000)]
  0x0000020d7e9ebdf0 JavaThread "Eureka-CacheFillTimer" daemon [_thread_blocked, id=7428, stack(0x0000004743000000,0x0000004743100000)]
  0x0000020d7e9ed130 JavaThread "http-nio-8093-exec-1" daemon [_thread_blocked, id=6028, stack(0x0000004743200000,0x0000004743300000)]
  0x0000020d7e9eaf80 JavaThread "http-nio-8093-exec-2" daemon [_thread_blocked, id=14796, stack(0x0000004743300000,0x0000004743400000)]
  0x0000020d7e9f0620 JavaThread "http-nio-8093-exec-3" daemon [_thread_blocked, id=16820, stack(0x0000004743400000,0x0000004743500000)]
  0x0000020d7e9ec2c0 JavaThread "http-nio-8093-exec-4" daemon [_thread_blocked, id=12584, stack(0x0000004743500000,0x0000004743600000)]
  0x0000020d7e9f0fc0 JavaThread "http-nio-8093-exec-5" daemon [_thread_blocked, id=1688, stack(0x0000004743600000,0x0000004743700000)]
  0x0000020d7e9f0af0 JavaThread "http-nio-8093-exec-6" daemon [_thread_blocked, id=19784, stack(0x0000004743700000,0x0000004743800000)]
  0x0000020d7e9efc80 JavaThread "http-nio-8093-exec-7" daemon [_thread_blocked, id=14224, stack(0x0000004743800000,0x0000004743900000)]
  0x0000020d7e9f0150 JavaThread "http-nio-8093-exec-8" daemon [_thread_blocked, id=7292, stack(0x0000004743900000,0x0000004743a00000)]
  0x0000020d7e9f1490 JavaThread "http-nio-8093-exec-9" daemon [_thread_blocked, id=10256, stack(0x0000004743a00000,0x0000004743b00000)]
  0x0000020d7e9ee470 JavaThread "http-nio-8093-exec-10" daemon [_thread_blocked, id=19268, stack(0x0000004743b00000,0x0000004743c00000)]
  0x0000020d7e9f1960 JavaThread "http-nio-8093-Poller" daemon [_thread_blocked, id=13908, stack(0x0000004743c00000,0x0000004743d00000)]
  0x0000020d7e9ec790 JavaThread "http-nio-8093-Acceptor" daemon [_thread_in_native, id=14540, stack(0x0000004743d00000,0x0000004743e00000)]
  0x0000020d7e9f27d0 JavaThread "DestroyJavaVM" [_thread_blocked, id=6412, stack(0x000000473eb00000,0x000000473ec00000)]
  0x0000020d7e9edad0 JavaThread "RMI TCP Connection(idle)" daemon [_thread_blocked, id=19944, stack(0x0000004743e00000,0x0000004743f00000)]
  0x0000020d7e9ee940 JavaThread "RMI TCP Connection(idle)" daemon [_thread_blocked, id=11128, stack(0x0000004743f00000,0x0000004744000000)]
  0x0000020d7e9ed600 JavaThread "RMI TCP Connection(idle)" daemon [_thread_blocked, id=2248, stack(0x0000004743100000,0x0000004743200000)]
  0x0000020d7e9eee10 JavaThread "RMI TCP Connection(idle)" daemon [_thread_blocked, id=1944, stack(0x0000004744100000,0x0000004744200000)]
  0x0000020d7e9edfa0 JavaThread "RMI TCP Connection(idle)" daemon [_thread_blocked, id=14520, stack(0x0000004744000000,0x0000004744100000)]

Other Threads:
=>0x0000020d6d33ea20 VMThread "VM Thread" [stack: 0x000000473f100000,0x000000473f200000] [id=14732]
  0x0000020d7a7c9ce0 WatcherThread [stack: 0x0000004740200000,0x0000004740300000] [id=17880]
  0x0000020d6d2a89c0 GCTaskThread "GC Thread#0" [stack: 0x000000473ec00000,0x000000473ed00000] [id=3064]
  0x0000020d7a93c6c0 GCTaskThread "GC Thread#1" [stack: 0x0000004740300000,0x0000004740400000] [id=6128]
  0x0000020d7a95c210 GCTaskThread "GC Thread#2" [stack: 0x0000004740400000,0x0000004740500000] [id=10116]
  0x0000020d7a95c4c0 GCTaskThread "GC Thread#3" [stack: 0x0000004740500000,0x0000004740600000] [id=19256]
  0x0000020d6d2b5c30 ConcurrentGCThread "G1 Main Marker" [stack: 0x000000473ed00000,0x000000473ee00000] [id=19052]
  0x0000020d6d2b6550 ConcurrentGCThread "G1 Conc#0" [stack: 0x000000473ee00000,0x000000473ef00000] [id=3560]
  0x0000020d6d31a950 ConcurrentGCThread "G1 Refine#0" [stack: 0x000000473ef00000,0x000000473f000000] [id=15748]
  0x0000020d6d31b280 ConcurrentGCThread "G1 Service" [stack: 0x000000473f000000,0x000000473f100000] [id=17992]

Threads with active compile tasks:
C1 CompilerThread0    80411 6240       1       com.fasterxml.jackson.databind.introspect.POJOPropertyBuilder::getMetadata (140 bytes)

VM state: at safepoint (normal execution)

VM Mutex/Monitor currently owned by a thread:  ([mutex/lock_event])
[0x0000020d6d26c7c0] Threads_lock - owner thread: 0x0000020d6d33ea20
[0x0000020d6d26cb20] Heap_lock - owner thread: 0x0000020d7e9eb450

Heap address: 0x00000000a1c00000, size: 1508 MB, Compressed Oops mode: 32-bit

CDS archive(s) not mapped
Compressed class space mapped at: 0x0000000100000000-0x0000000140000000, reserved size: 1073741824
Narrow klass base: 0x0000000000000000, Narrow klass shift: 3, Narrow klass range: 0x140000000

GC Precious Log:
 CPUs: 4 total, 4 available
 Memory: 6030M
 Large Page Support: Disabled
 NUMA Support: Disabled
 Compressed Oops: Enabled (32-bit)
 Heap Region Size: 1M
 Heap Min Capacity: 8M
 Heap Initial Capacity: 96M
 Heap Max Capacity: 1508M
 Pre-touch: Disabled
 Parallel Workers: 4
 Concurrent Workers: 1
 Concurrent Refinement Workers: 4
 Periodic GC: Disabled

Heap:
 garbage-first heap   total 59392K, used 28097K [0x00000000a1c00000, 0x0000000100000000)
  region size 1024K, 1 young (1024K), 1 survivors (1024K)
 Metaspace       used 61432K, committed 61888K, reserved 1105920K
  class space    used 8287K, committed 8512K, reserved 1048576K

Heap Regions: E=young(eden), S=young(survivor), O=old, HS=humongous(starts), HC=humongous(continues), CS=collection set, F=free, OA=open archive, CA=closed archive, TAMS=top-at-mark-start (previous, next)
|   0|0x00000000a1c00000, 0x00000000a1d00000, 0x00000000a1d00000|100%| O|  |TAMS 0x00000000a1d00000, 0x00000000a1c00000| Untracked 
|   1|0x00000000a1d00000, 0x00000000a1e00000, 0x00000000a1e00000|100%| O|  |TAMS 0x00000000a1e00000, 0x00000000a1d00000| Untracked 
|   2|0x00000000a1e00000, 0x00000000a1f00000, 0x00000000a1f00000|100%| O|  |TAMS 0x00000000a1f00000, 0x00000000a1e00000| Untracked 
|   3|0x00000000a1f00000, 0x00000000a2000000, 0x00000000a2000000|100%| O|  |TAMS 0x00000000a2000000, 0x00000000a1f00000| Untracked 
|   4|0x00000000a2000000, 0x00000000a2100000, 0x00000000a2100000|100%| O|  |TAMS 0x00000000a2100000, 0x00000000a2000000| Untracked 
|   5|0x00000000a2100000, 0x00000000a2200000, 0x00000000a2200000|100%| O|  |TAMS 0x00000000a2200000, 0x00000000a2100000| Untracked 
|   6|0x00000000a2200000, 0x00000000a2300000, 0x00000000a2300000|100%| O|  |TAMS 0x00000000a2300000, 0x00000000a2200000| Untracked 
|   7|0x00000000a2300000, 0x00000000a2400000, 0x00000000a2400000|100%| O|  |TAMS 0x00000000a2400000, 0x00000000a2300000| Untracked 
|   8|0x00000000a2400000, 0x00000000a2500000, 0x00000000a2500000|100%| O|  |TAMS 0x00000000a2400000, 0x00000000a2400000| Untracked 
|   9|0x00000000a2500000, 0x00000000a2600000, 0x00000000a2600000|100%| O|  |TAMS 0x00000000a2600000, 0x00000000a2500000| Untracked 
|  10|0x00000000a2600000, 0x00000000a2700000, 0x00000000a2700000|100%| O|  |TAMS 0x00000000a2700000, 0x00000000a2600000| Untracked 
|  11|0x00000000a2700000, 0x00000000a2700000, 0x00000000a2800000|  0%| F|  |TAMS 0x00000000a2700000, 0x00000000a2700000| Untracked 
|  12|0x00000000a2800000, 0x00000000a2800000, 0x00000000a2900000|  0%| F|  |TAMS 0x00000000a2800000, 0x00000000a2800000| Untracked 
|  13|0x00000000a2900000, 0x00000000a2a00000, 0x00000000a2a00000|100%| O|  |TAMS 0x00000000a2a00000, 0x00000000a2900000| Untracked 
|  14|0x00000000a2a00000, 0x00000000a2a00000, 0x00000000a2b00000|  0%| F|  |TAMS 0x00000000a2a00000, 0x00000000a2a00000| Untracked 
|  15|0x00000000a2b00000, 0x00000000a2c00000, 0x00000000a2c00000|100%| O|  |TAMS 0x00000000a2c00000, 0x00000000a2b00000| Untracked 
|  16|0x00000000a2c00000, 0x00000000a2d00000, 0x00000000a2d00000|100%| O|  |TAMS 0x00000000a2d00000, 0x00000000a2c00000| Untracked 
|  17|0x00000000a2d00000, 0x00000000a2e00000, 0x00000000a2e00000|100%| O|  |TAMS 0x00000000a2d00000, 0x00000000a2d00000| Untracked 
|  18|0x00000000a2e00000, 0x00000000a2f00000, 0x00000000a2f00000|100%| O|  |TAMS 0x00000000a2e00000, 0x00000000a2e00000| Untracked 
|  19|0x00000000a2f00000, 0x00000000a2f2be00, 0x00000000a3000000| 17%| O|  |TAMS 0x00000000a2f00000, 0x00000000a2f00000| Untracked 
|  20|0x00000000a3000000, 0x00000000a3100000, 0x00000000a3100000|100%| O|  |TAMS 0x00000000a3100000, 0x00000000a3000000| Untracked 
|  21|0x00000000a3100000, 0x00000000a3200000, 0x00000000a3200000|100%| O|  |TAMS 0x00000000a3200000, 0x00000000a3100000| Untracked 
|  22|0x00000000a3200000, 0x00000000a3200000, 0x00000000a3300000|  0%| F|  |TAMS 0x00000000a3200000, 0x00000000a3200000| Untracked 
|  23|0x00000000a3300000, 0x00000000a3300000, 0x00000000a3400000|  0%| F|  |TAMS 0x00000000a3300000, 0x00000000a3300000| Untracked 
|  24|0x00000000a3400000, 0x00000000a3400000, 0x00000000a3500000|  0%| F|  |TAMS 0x00000000a3400000, 0x00000000a3400000| Untracked 
|  25|0x00000000a3500000, 0x00000000a3500000, 0x00000000a3600000|  0%| F|  |TAMS 0x00000000a3500000, 0x00000000a3500000| Untracked 
|  26|0x00000000a3600000, 0x00000000a3700000, 0x00000000a3700000|100%| O|  |TAMS 0x00000000a3700000, 0x00000000a3600000| Untracked 
|  27|0x00000000a3700000, 0x00000000a3700000, 0x00000000a3800000|  0%| F|  |TAMS 0x00000000a3700000, 0x00000000a3700000| Untracked 
|  28|0x00000000a3800000, 0x00000000a3900000, 0x00000000a3900000|100%| O|  |TAMS 0x00000000a387b200, 0x00000000a3800000| Untracked 
|  29|0x00000000a3900000, 0x00000000a3a00000, 0x00000000a3a00000|100%| O|  |TAMS 0x00000000a3900000, 0x00000000a3900000| Untracked 
|  30|0x00000000a3a00000, 0x00000000a3b00000, 0x00000000a3b00000|100%| O|  |TAMS 0x00000000a3a00000, 0x00000000a3a00000| Untracked 
|  31|0x00000000a3b00000, 0x00000000a3c00000, 0x00000000a3c00000|100%| O|  |TAMS 0x00000000a3b00000, 0x00000000a3b00000| Untracked 
|  32|0x00000000a3c00000, 0x00000000a3d00000, 0x00000000a3d00000|100%| O|  |TAMS 0x00000000a3c00000, 0x00000000a3c00000| Untracked 
|  33|0x00000000a3d00000, 0x00000000a3e00000, 0x00000000a3e00000|100%| O|  |TAMS 0x00000000a3d00000, 0x00000000a3d00000| Untracked 
|  34|0x00000000a3e00000, 0x00000000a3f00000, 0x00000000a3f00000|100%| O|  |TAMS 0x00000000a3e00000, 0x00000000a3e00000| Untracked 
|  35|0x00000000a3f00000, 0x00000000a4000000, 0x00000000a4000000|100%| O|  |TAMS 0x00000000a3f00000, 0x00000000a3f00000| Untracked 
|  36|0x00000000a4000000, 0x00000000a4000000, 0x00000000a4100000|  0%| F|  |TAMS 0x00000000a4000000, 0x00000000a4000000| Untracked 
|  37|0x00000000a4100000, 0x00000000a4100000, 0x00000000a4200000|  0%| F|  |TAMS 0x00000000a4100000, 0x00000000a4100000| Untracked 
|  38|0x00000000a4200000, 0x00000000a4200000, 0x00000000a4300000|  0%| F|  |TAMS 0x00000000a4200000, 0x00000000a4200000| Untracked 
|  39|0x00000000a4300000, 0x00000000a4300000, 0x00000000a4400000|  0%| F|  |TAMS 0x00000000a4300000, 0x00000000a4300000| Untracked 
|  40|0x00000000a4400000, 0x00000000a4400000, 0x00000000a4500000|  0%| F|  |TAMS 0x00000000a4400000, 0x00000000a4400000| Untracked 
|  41|0x00000000a4500000, 0x00000000a4500000, 0x00000000a4600000|  0%| F|  |TAMS 0x00000000a4500000, 0x00000000a4500000| Untracked 
|  42|0x00000000a4600000, 0x00000000a4600000, 0x00000000a4700000|  0%| F|  |TAMS 0x00000000a4600000, 0x00000000a4600000| Untracked 
|  43|0x00000000a4700000, 0x00000000a4700000, 0x00000000a4800000|  0%| F|  |TAMS 0x00000000a4700000, 0x00000000a4700000| Untracked 
|  44|0x00000000a4800000, 0x00000000a4800000, 0x00000000a4900000|  0%| F|  |TAMS 0x00000000a4800000, 0x00000000a4800000| Untracked 
|  45|0x00000000a4900000, 0x00000000a4900000, 0x00000000a4a00000|  0%| F|  |TAMS 0x00000000a4900000, 0x00000000a4900000| Untracked 
|  46|0x00000000a4a00000, 0x00000000a4a00000, 0x00000000a4b00000|  0%| F|  |TAMS 0x00000000a4a00000, 0x00000000a4a00000| Untracked 
|  47|0x00000000a4b00000, 0x00000000a4b00000, 0x00000000a4c00000|  0%| F|  |TAMS 0x00000000a4b00000, 0x00000000a4b00000| Untracked 
|  48|0x00000000a4c00000, 0x00000000a4c00000, 0x00000000a4d00000|  0%| F|  |TAMS 0x00000000a4c00000, 0x00000000a4c00000| Untracked 
|  49|0x00000000a4d00000, 0x00000000a4d00000, 0x00000000a4e00000|  0%| F|  |TAMS 0x00000000a4d00000, 0x00000000a4d00000| Untracked 
|  50|0x00000000a4e00000, 0x00000000a4e00000, 0x00000000a4f00000|  0%| F|  |TAMS 0x00000000a4e00000, 0x00000000a4e00000| Untracked 
|  51|0x00000000a4f00000, 0x00000000a4f00000, 0x00000000a5000000|  0%| F|  |TAMS 0x00000000a4f00000, 0x00000000a4f00000| Untracked 
|  52|0x00000000a5000000, 0x00000000a5000000, 0x00000000a5100000|  0%| F|  |TAMS 0x00000000a5000000, 0x00000000a5000000| Untracked 
|  53|0x00000000a5100000, 0x00000000a5100000, 0x00000000a5200000|  0%| F|  |TAMS 0x00000000a5100000, 0x00000000a5100000| Untracked 
|  54|0x00000000a5200000, 0x00000000a5200000, 0x00000000a5300000|  0%| F|  |TAMS 0x00000000a5200000, 0x00000000a5200000| Untracked 
|  85|0x00000000a7100000, 0x00000000a7144958, 0x00000000a7200000| 26%| S|CS|TAMS 0x00000000a7100000, 0x00000000a7100000| Complete 
|  86|0x00000000a7200000, 0x00000000a7200000, 0x00000000a7300000|  0%| F|  |TAMS 0x00000000a7200000, 0x00000000a7200000| Untracked 
|  95|0x00000000a7b00000, 0x00000000a7b00000, 0x00000000a7c00000|  0%| F|  |TAMS 0x00000000a7b00000, 0x00000000a7b00000| Untracked 

Card table byte_map: [0x0000020d73920000,0x0000020d73c20000] _byte_map_base: 0x0000020d73412000

Marking Bits (Prev, Next): (CMBitMap*) 0x0000020d6d2a8f20, (CMBitMap*) 0x0000020d6d2a8ee0
 Prev Bits: [0x0000020d756b0000, 0x0000020d76e40000)
 Next Bits: [0x0000020d73f20000, 0x0000020d756b0000)

Polling page: 0x0000020d6b3d0000

Metaspace:

Usage:
  Non-class:     51.90 MB used.
      Class:      8.09 MB used.
       Both:     59.99 MB used.

Virtual space:
  Non-class space:       56.00 MB reserved,      52.12 MB ( 93%) committed,  7 nodes.
      Class space:        1.00 GB reserved,       8.31 MB ( <1%) committed,  1 nodes.
             Both:        1.05 GB reserved,      60.44 MB (  6%) committed. 

Chunk freelists:
   Non-Class:  3.06 MB
       Class:  3.55 MB
        Both:  6.61 MB

MaxMetaspaceSize: unlimited
CompressedClassSpaceSize: 1.00 GB
Initial GC threshold: 21.00 MB
Current GC threshold: 96.06 MB
CDS: off
MetaspaceReclaimPolicy: balanced
 - commit_granule_bytes: 65536.
 - commit_granule_words: 8192.
 - virtual_space_node_default_size: 1048576.
 - enlarge_chunks_in_place: 1.
 - new_chunks_are_fully_committed: 0.
 - uncommit_free_chunks: 1.
 - use_allocation_guard: 0.
 - handle_deallocations: 1.


Internal statistics:

num_allocs_failed_limit: 6.
num_arena_births: 704.
num_arena_deaths: 180.
num_vsnodes_births: 8.
num_vsnodes_deaths: 0.
num_space_committed: 967.
num_space_uncommitted: 0.
num_chunks_returned_to_freelist: 245.
num_chunks_taken_from_freelist: 2821.
num_chunk_merges: 75.
num_chunk_splits: 1762.
num_chunks_enlarged: 1253.
num_purges: 2.
num_inconsistent_stats: 0.

CodeCache: size=49152Kb used=11338Kb max_used=11883Kb free=37814Kb
 bounds [0x0000020d70920000, 0x0000020d714c0000, 0x0000020d73920000]
 total_blobs=6826 nmethods=6237 adapters=515
 compilation: enabled
              stopped_count=0, restarted_count=0
 full_count=0

Compilation events (20 events):
Event: 80.243 Thread 0x0000020d7a010d90 nmethod 6233 0x0000020d70ad4110 code [0x0000020d70ad42a0, 0x0000020d70ad4378]
Event: 80.243 Thread 0x0000020d7a010d90 6232       1       com.fasterxml.jackson.databind.cfg.MapperConfig::constructType (9 bytes)
Event: 80.243 Thread 0x0000020d7a010d90 nmethod 6232 0x0000020d70ad3d90 code [0x0000020d70ad3f20, 0x0000020d70ad4028]
Event: 80.243 Thread 0x0000020d7a010d90 6229       1       com.fasterxml.jackson.databind.introspect.AnnotatedCreatorCollector::_isIncludableFactoryMethod (23 bytes)
Event: 80.244 Thread 0x0000020d7a010d90 nmethod 6229 0x0000020d70ad3a10 code [0x0000020d70ad3ba0, 0x0000020d70ad3cb8]
Event: 80.244 Thread 0x0000020d7a010d90 6227       1       org.apache.coyote.Request::getMimeHeaders (5 bytes)
Event: 80.244 Thread 0x0000020d7a010d90 nmethod 6227 0x0000020d70ad3710 code [0x0000020d70ad38a0, 0x0000020d70ad3978]
Event: 80.244 Thread 0x0000020d7a010d90 6234       1       com.fasterxml.jackson.databind.introspect.AnnotatedMethodCollector$MethodBuilder::<init> (20 bytes)
Event: 80.244 Thread 0x0000020d7a010d90 nmethod 6234 0x0000020d70ad3310 code [0x0000020d70ad34a0, 0x0000020d70ad3678]
Event: 80.244 Thread 0x0000020d7a010d90 6235       1       com.fasterxml.jackson.databind.introspect.AnnotatedMethodCollector$MethodBuilder::build (33 bytes)
Event: 80.245 Thread 0x0000020d7a010d90 nmethod 6235 0x0000020d70ad2c90 code [0x0000020d70ad2e60, 0x0000020d70ad3218]
Event: 80.245 Thread 0x0000020d7a010d90 6236       1       com.fasterxml.jackson.databind.introspect.JacksonAnnotationIntrospector::hasAnyGetter (27 bytes)
Event: 80.245 Thread 0x0000020d7a010d90 nmethod 6236 0x0000020d70ad2810 code [0x0000020d70ad29c0, 0x0000020d70ad2b78]
Event: 80.245 Thread 0x0000020d7a010d90 6237       1       com.fasterxml.jackson.databind.introspect.JacksonAnnotationIntrospector::hasAsKey (27 bytes)
Event: 80.246 Thread 0x0000020d7a010d90 nmethod 6237 0x0000020d70ad2390 code [0x0000020d70ad2540, 0x0000020d70ad26f8]
Event: 80.246 Thread 0x0000020d7a010d90 6238       1       com.fasterxml.jackson.databind.introspect.JacksonAnnotationIntrospector::hasAsValue (27 bytes)
Event: 80.246 Thread 0x0000020d7a010d90 nmethod 6238 0x0000020d70ad1f10 code [0x0000020d70ad20c0, 0x0000020d70ad2278]
Event: 80.247 Thread 0x0000020d7a010d90 6239       1       com.fasterxml.jackson.databind.introspect.POJOPropertyBuilder::_removeNonVisible (11 bytes)
Event: 80.247 Thread 0x0000020d7a010d90 nmethod 6239 0x0000020d70ad1b90 code [0x0000020d70ad1d40, 0x0000020d70ad1e68]
Event: 80.247 Thread 0x0000020d7a010d90 6240       1       com.fasterxml.jackson.databind.introspect.POJOPropertyBuilder::getMetadata (140 bytes)

GC Heap History (20 events):
Event: 10.831 GC heap after
{Heap after GC invocations=15 (full 0):
 garbage-first heap   total 59392K, used 19199K [0x00000000a1c00000, 0x0000000100000000)
  region size 1024K, 3 young (3072K), 3 survivors (3072K)
 Metaspace       used 39062K, committed 39424K, reserved 1089536K
  class space    used 4940K, committed 5120K, reserved 1048576K
}
Event: 11.895 GC heap before
{Heap before GC invocations=15 (full 0):
 garbage-first heap   total 59392K, used 44799K [0x00000000a1c00000, 0x0000000100000000)
  region size 1024K, 29 young (29696K), 3 survivors (3072K)
 Metaspace       used 42426K, committed 42816K, reserved 1089536K
  class space    used 5422K, committed 5632K, reserved 1048576K
}
Event: 11.912 GC heap after
{Heap after GC invocations=16 (full 0):
 garbage-first heap   total 59392K, used 21268K [0x00000000a1c00000, 0x0000000100000000)
  region size 1024K, 3 young (3072K), 3 survivors (3072K)
 Metaspace       used 42426K, committed 42816K, reserved 1089536K
  class space    used 5422K, committed 5632K, reserved 1048576K
}
Event: 12.979 GC heap before
{Heap before GC invocations=16 (full 0):
 garbage-first heap   total 59392K, used 44820K [0x00000000a1c00000, 0x0000000100000000)
  region size 1024K, 27 young (27648K), 3 survivors (3072K)
 Metaspace       used 45251K, committed 45632K, reserved 1089536K
  class space    used 5861K, committed 6016K, reserved 1048576K
}
Event: 12.989 GC heap after
{Heap after GC invocations=17 (full 0):
 garbage-first heap   total 59392K, used 22364K [0x00000000a1c00000, 0x0000000100000000)
  region size 1024K, 3 young (3072K), 3 survivors (3072K)
 Metaspace       used 45251K, committed 45632K, reserved 1089536K
  class space    used 5861K, committed 6016K, reserved 1048576K
}
Event: 14.573 GC heap before
{Heap before GC invocations=17 (full 0):
 garbage-first heap   total 59392K, used 46940K [0x00000000a1c00000, 0x0000000100000000)
  region size 1024K, 27 young (27648K), 3 survivors (3072K)
 Metaspace       used 48278K, committed 48704K, reserved 1097728K
  class space    used 6385K, committed 6592K, reserved 1048576K
}
Event: 14.585 GC heap after
{Heap after GC invocations=18 (full 0):
 garbage-first heap   total 59392K, used 24592K [0x00000000a1c00000, 0x0000000100000000)
  region size 1024K, 4 young (4096K), 4 survivors (4096K)
 Metaspace       used 48278K, committed 48704K, reserved 1097728K
  class space    used 6385K, committed 6592K, reserved 1048576K
}
Event: 15.705 GC heap before
{Heap before GC invocations=18 (full 0):
 garbage-first heap   total 59392K, used 46096K [0x00000000a1c00000, 0x0000000100000000)
  region size 1024K, 25 young (25600K), 4 survivors (4096K)
 Metaspace       used 51129K, committed 51584K, reserved 1097728K
  class space    used 6819K, committed 7040K, reserved 1048576K
}
Event: 15.716 GC heap after
{Heap after GC invocations=19 (full 0):
 garbage-first heap   total 59392K, used 26262K [0x00000000a1c00000, 0x0000000100000000)
  region size 1024K, 4 young (4096K), 4 survivors (4096K)
 Metaspace       used 51129K, committed 51584K, reserved 1097728K
  class space    used 6819K, committed 7040K, reserved 1048576K
}
Event: 17.381 GC heap before
{Heap before GC invocations=19 (full 0):
 garbage-first heap   total 59392K, used 46742K [0x00000000a1c00000, 0x0000000100000000)
  region size 1024K, 24 young (24576K), 4 survivors (4096K)
 Metaspace       used 54759K, committed 55232K, reserved 1097728K
  class space    used 7318K, committed 7552K, reserved 1048576K
}
Event: 17.392 GC heap after
{Heap after GC invocations=20 (full 0):
 garbage-first heap   total 59392K, used 28229K [0x00000000a1c00000, 0x0000000100000000)
  region size 1024K, 3 young (3072K), 3 survivors (3072K)
 Metaspace       used 54759K, committed 55232K, reserved 1097728K
  class space    used 7318K, committed 7552K, reserved 1048576K
}
Event: 17.879 GC heap before
{Heap before GC invocations=20 (full 0):
 garbage-first heap   total 59392K, used 45637K [0x00000000a1c00000, 0x0000000100000000)
  region size 1024K, 21 young (21504K), 3 survivors (3072K)
 Metaspace       used 55533K, committed 56064K, reserved 1097728K
  class space    used 7422K, committed 7680K, reserved 1048576K
}
Event: 17.891 GC heap after
{Heap after GC invocations=21 (full 0):
 garbage-first heap   total 59392K, used 30249K [0x00000000a1c00000, 0x0000000100000000)
  region size 1024K, 2 young (2048K), 2 survivors (2048K)
 Metaspace       used 55533K, committed 56064K, reserved 1097728K
  class space    used 7422K, committed 7680K, reserved 1048576K
}
Event: 63.560 GC heap before
{Heap before GC invocations=21 (full 0):
 garbage-first heap   total 59392K, used 45609K [0x00000000a1c00000, 0x0000000100000000)
  region size 1024K, 18 young (18432K), 2 survivors (2048K)
 Metaspace       used 58192K, committed 58688K, reserved 1105920K
  class space    used 7755K, committed 8000K, reserved 1048576K
}
Event: 63.570 GC heap after
{Heap after GC invocations=22 (full 0):
 garbage-first heap   total 59392K, used 31657K [0x00000000a1c00000, 0x0000000100000000)
  region size 1024K, 2 young (2048K), 2 survivors (2048K)
 Metaspace       used 58192K, committed 58688K, reserved 1105920K
  class space    used 7755K, committed 8000K, reserved 1048576K
}
Event: 80.042 GC heap before
{Heap before GC invocations=23 (full 0):
 garbage-first heap   total 59392K, used 45993K [0x00000000a1c00000, 0x0000000100000000)
  region size 1024K, 17 young (17408K), 2 survivors (2048K)
 Metaspace       used 60898K, committed 61376K, reserved 1105920K
  class space    used 8217K, committed 8448K, reserved 1048576K
}
Event: 80.048 GC heap after
{Heap after GC invocations=24 (full 0):
 garbage-first heap   total 59392K, used 32533K [0x00000000a1c00000, 0x0000000100000000)
  region size 1024K, 3 young (3072K), 3 survivors (3072K)
 Metaspace       used 60898K, committed 61376K, reserved 1105920K
  class space    used 8217K, committed 8448K, reserved 1048576K
}
Event: 80.139 GC heap before
{Heap before GC invocations=24 (full 0):
 garbage-first heap   total 59392K, used 33557K [0x00000000a1c00000, 0x0000000100000000)
  region size 1024K, 4 young (4096K), 3 survivors (3072K)
 Metaspace       used 61204K, committed 61568K, reserved 1105920K
  class space    used 8264K, committed 8448K, reserved 1048576K
}
Event: 80.148 GC heap after
{Heap after GC invocations=25 (full 0):
 garbage-first heap   total 59392K, used 30198K [0x00000000a1c00000, 0x0000000100000000)
  region size 1024K, 1 young (1024K), 1 survivors (1024K)
 Metaspace       used 61204K, committed 61568K, reserved 1105920K
  class space    used 8264K, committed 8448K, reserved 1048576K
}
Event: 80.247 GC heap before
{Heap before GC invocations=25 (full 0):
 garbage-first heap   total 59392K, used 31222K [0x00000000a1c00000, 0x0000000100000000)
  region size 1024K, 2 young (2048K), 1 survivors (1024K)
 Metaspace       used 61432K, committed 61888K, reserved 1105920K
  class space    used 8287K, committed 8512K, reserved 1048576K
}

Deoptimization events (14 events):
Event: 2.370 Thread 0x0000020d6d272760 DEOPT PACKING pc=0x0000020d70bea7f5 sp=0x000000473ebfd880
Event: 2.370 Thread 0x0000020d6d272760 DEOPT UNPACKING pc=0x0000020d70972b43 sp=0x000000473ebfccd8 mode 3
Event: 4.784 Thread 0x0000020d6d272760 DEOPT PACKING pc=0x0000020d70e6f599 sp=0x000000473ebfd2a0
Event: 4.784 Thread 0x0000020d6d272760 DEOPT UNPACKING pc=0x0000020d70972b43 sp=0x000000473ebfc780 mode 3
Event: 5.237 Thread 0x0000020d7b82dfa0 DEOPT PACKING pc=0x0000020d70eac405 sp=0x0000004740cfe700
Event: 5.237 Thread 0x0000020d7b82dfa0 DEOPT UNPACKING pc=0x0000020d70972b43 sp=0x0000004740cfdc60 mode 3
Event: 7.776 Thread 0x0000020d6d272760 DEOPT PACKING pc=0x0000020d710928f5 sp=0x000000473ebfcc10
Event: 7.776 Thread 0x0000020d6d272760 DEOPT UNPACKING pc=0x0000020d70972b43 sp=0x000000473ebfc080 mode 3
Event: 10.853 Thread 0x0000020d6d272760 DEOPT PACKING pc=0x0000020d710e797d sp=0x000000473ebfc650
Event: 10.853 Thread 0x0000020d6d272760 DEOPT UNPACKING pc=0x0000020d70972b43 sp=0x000000473ebfbbb8 mode 3
Event: 14.902 Thread 0x0000020d6d272760 DEOPT PACKING pc=0x0000020d712fec19 sp=0x000000473ebfa290
Event: 14.902 Thread 0x0000020d6d272760 DEOPT UNPACKING pc=0x0000020d70972b43 sp=0x000000473ebf9770 mode 3
Event: 15.746 Thread 0x0000020d7b82dad0 DEOPT PACKING pc=0x0000020d70e82042 sp=0x0000004740afd750
Event: 15.746 Thread 0x0000020d7b82dad0 DEOPT UNPACKING pc=0x0000020d70972b43 sp=0x0000004740afcc58 mode 3

Classes unloaded (20 events):
Event: 63.675 Thread 0x0000020d6d33ea20 Unloading class 0x0000000100141c00 'java/lang/invoke/LambdaForm$MH+0x0000000100141c00'
Event: 63.675 Thread 0x0000020d6d33ea20 Unloading class 0x0000000100141800 'jdk/internal/reflect/GeneratedSerializationConstructorAccessor3'
Event: 63.675 Thread 0x0000020d6d33ea20 Unloading class 0x0000000100141400 'jdk/internal/reflect/GeneratedSerializationConstructorAccessor2'
Event: 63.675 Thread 0x0000020d6d33ea20 Unloading class 0x0000000100141000 'jdk/internal/reflect/GeneratedSerializationConstructorAccessor1'
Event: 63.675 Thread 0x0000020d6d33ea20 Unloading class 0x0000000100140800 'java/lang/invoke/LambdaForm$DMH+0x0000000100140800'
Event: 63.675 Thread 0x0000020d6d33ea20 Unloading class 0x0000000100140000 'java/lang/invoke/LambdaForm$DMH+0x0000000100140000'
Event: 63.675 Thread 0x0000020d6d33ea20 Unloading class 0x00000001000c6c00 'jdk/internal/reflect/GeneratedConstructorAccessor1'
Event: 63.675 Thread 0x0000020d6d33ea20 Unloading class 0x00000001000c6000 'java/lang/invoke/LambdaForm$MH+0x00000001000c6000'
Event: 63.675 Thread 0x0000020d6d33ea20 Unloading class 0x00000001000c5c00 'java/lang/invoke/LambdaForm$MH+0x00000001000c5c00'
Event: 63.675 Thread 0x0000020d6d33ea20 Unloading class 0x00000001000c5800 'java/lang/invoke/LambdaForm$MH+0x00000001000c5800'
Event: 63.675 Thread 0x0000020d6d33ea20 Unloading class 0x00000001000c5400 'java/lang/invoke/LambdaForm$MH+0x00000001000c5400'
Event: 63.675 Thread 0x0000020d6d33ea20 Unloading class 0x00000001000c5000 'java/lang/invoke/LambdaForm$MH+0x00000001000c5000'
Event: 63.675 Thread 0x0000020d6d33ea20 Unloading class 0x00000001000c4c00 'java/lang/invoke/LambdaForm$MH+0x00000001000c4c00'
Event: 63.675 Thread 0x0000020d6d33ea20 Unloading class 0x00000001000c3c00 'java/lang/invoke/LambdaForm$MH+0x00000001000c3c00'
Event: 63.675 Thread 0x0000020d6d33ea20 Unloading class 0x00000001000c3800 'java/lang/invoke/LambdaForm$MH+0x00000001000c3800'
Event: 63.675 Thread 0x0000020d6d33ea20 Unloading class 0x00000001000c3000 'java/lang/invoke/LambdaForm$MH+0x00000001000c3000'
Event: 63.675 Thread 0x0000020d6d33ea20 Unloading class 0x00000001000c2400 'java/lang/invoke/LambdaForm$MH+0x00000001000c2400'
Event: 63.675 Thread 0x0000020d6d33ea20 Unloading class 0x00000001000c1c00 'java/lang/invoke/LambdaForm$MH+0x00000001000c1c00'
Event: 63.675 Thread 0x0000020d6d33ea20 Unloading class 0x00000001000c1400 'java/lang/invoke/LambdaForm$MH+0x00000001000c1400'
Event: 63.675 Thread 0x0000020d6d33ea20 Unloading class 0x00000001000c0c00 'java/lang/invoke/LambdaForm$MH+0x00000001000c0c00'

Classes redefined (0 events):
No events

Internal exceptions (20 events):
Event: 59.624 Thread 0x0000020d7e9ed130 Exception <a 'java/lang/NoSuchMethodError'{0x00000000a49ef278}: 'void java.lang.invoke.DirectMethodHandle$Holder.invokeSpecial(java.lang.Object, java.lang.Object, java.lang.Object, java.lang.Object, java.lang.Object, java.lang.Object, java.lang.Object, java.lang.Object)'> (0x00000000a49ef278) 
thrown [e:\jenkins\tmp\workspace\build\src\src\hotspot\share\interpreter\linkResolver.cpp, line 766]
Event: 59.627 Thread 0x0000020d7e9ed130 Exception <a 'java/lang/NoSuchMethodError'{0x00000000a49f9a88}: 'java.lang.Object java.lang.invoke.DirectMethodHandle$Holder.newInvokeSpecial(java.lang.Object, java.lang.Object, java.lang.Object, java.lang.Object, java.lang.Object, java.lang.Object, java.lang.Object)'> (0x00000000a49f9a88) 
thrown [e:\jenkins\tmp\workspace\build\src\src\hotspot\share\interpreter\linkResolver.cpp, line 766]
Event: 59.628 Thread 0x0000020d7e9ed130 Exception <a 'java/lang/NoSuchMethodError'{0x00000000a49fdf78}: 'java.lang.Object java.lang.invoke.Invokers$Holder.linkToTargetMethod(java.lang.Object, java.lang.Object, java.lang.Object, java.lang.Object, java.lang.Object, java.lang.Object, java.lang.Object)'> (0x00000000a49fdf78) 
thrown [e:\jenkins\tmp\workspace\build\src\src\hotspot\share\interpreter\linkResolver.cpp, line 766]
Event: 64.246 Thread 0x0000020d7e9f1490 Exception <a 'java/lang/NoClassDefFoundError'{0x00000000a528f168}: org/python/core/PyException> (0x00000000a528f168) 
thrown [e:\jenkins\tmp\workspace\build\src\src\hotspot\share\classfile\systemDictionary.cpp, line 245]
Event: 64.522 Thread 0x0000020d7e9f1490 Exception <a 'java/lang/ClassNotFoundException'{0x00000000a504c718}: org/springframework/web/servlet/support/RequestContextBeanInfo> (0x00000000a504c718) 
thrown [e:\jenkins\tmp\workspace\build\src\src\hotspot\share\classfile\systemDictionary.cpp, line 256]
Event: 64.525 Thread 0x0000020d7e9f1490 Exception <a 'java/lang/ClassNotFoundException'{0x00000000a504fea0}: java/lang/ObjectBeanInfo> (0x00000000a504fea0) 
thrown [e:\jenkins\tmp\workspace\build\src\src\hotspot\share\classfile\systemDictionary.cpp, line 256]
Event: 64.526 Thread 0x0000020d7e9f1490 Exception <a 'java/lang/ClassNotFoundException'{0x00000000a5053638}: java/lang/ObjectCustomizer> (0x00000000a5053638) 
thrown [e:\jenkins\tmp\workspace\build\src\src\hotspot\share\classfile\systemDictionary.cpp, line 256]
Event: 64.531 Thread 0x0000020d7e9f1490 Exception <a 'java/lang/ClassNotFoundException'{0x00000000a50606a0}: org/springframework/web/servlet/support/RequestContextCustomizer> (0x00000000a50606a0) 
thrown [e:\jenkins\tmp\workspace\build\src\src\hotspot\share\classfile\systemDictionary.cpp, line 256]
Event: 64.594 Thread 0x0000020d7e9f1490 Exception <a 'java/lang/ClassNotFoundException'{0x00000000a4f57838}: org/springframework/cloud/netflix/eureka/server/InstanceRegistryBeanInfo> (0x00000000a4f57838) 
thrown [e:\jenkins\tmp\workspace\build\src\src\hotspot\share\classfile\systemDictionary.cpp, line 256]
Event: 64.597 Thread 0x0000020d7e9f1490 Exception <a 'java/lang/ClassNotFoundException'{0x00000000a4f5fcd0}: com/netflix/eureka/registry/PeerAwareInstanceRegistryImplBeanInfo> (0x00000000a4f5fcd0) 
thrown [e:\jenkins\tmp\workspace\build\src\src\hotspot\share\classfile\systemDictionary.cpp, line 256]
Event: 64.601 Thread 0x0000020d7e9f1490 Exception <a 'java/lang/ClassNotFoundException'{0x00000000a4f681c8}: com/netflix/eureka/registry/AbstractInstanceRegistryBeanInfo> (0x00000000a4f681c8) 
thrown [e:\jenkins\tmp\workspace\build\src\src\hotspot\share\classfile\systemDictionary.cpp, line 256]
Event: 64.655 Thread 0x0000020d7e9f1490 Exception <a 'java/lang/ClassNotFoundException'{0x00000000a4f706c0}: com/netflix/eureka/registry/AbstractInstanceRegistryCustomizer> (0x00000000a4f706c0) 
thrown [e:\jenkins\tmp\workspace\build\src\src\hotspot\share\classfile\systemDictionary.cpp, line 256]
Event: 64.661 Thread 0x0000020d7e9f1490 Exception <a 'java/lang/ClassNotFoundException'{0x00000000a4f99338}: com/netflix/eureka/registry/PeerAwareInstanceRegistryImplCustomizer> (0x00000000a4f99338) 
thrown [e:\jenkins\tmp\workspace\build\src\src\hotspot\share\classfile\systemDictionary.cpp, line 256]
Event: 64.671 Thread 0x0000020d7e9f1490 Exception <a 'java/lang/ClassNotFoundException'{0x00000000a4fb5d00}: org/springframework/cloud/netflix/eureka/server/InstanceRegistryCustomizer> (0x00000000a4fb5d00) 
thrown [e:\jenkins\tmp\workspace\build\src\src\hotspot\share\classfile\systemDictionary.cpp, line 256]
Event: 64.737 Thread 0x0000020d7e9f1490 Exception <a 'java/lang/ClassNotFoundException'{0x00000000a4e08d80}: java/util/LinkedHashMap$EntryBeanInfo> (0x00000000a4e08d80) 
thrown [e:\jenkins\tmp\workspace\build\src\src\hotspot\share\classfile\systemDictionary.cpp, line 256]
Event: 64.745 Thread 0x0000020d7e9f1490 Exception <a 'java/lang/ClassNotFoundException'{0x00000000a4e0c090}: java/util/HashMap$NodeBeanInfo> (0x00000000a4e0c090) 
thrown [e:\jenkins\tmp\workspace\build\src\src\hotspot\share\classfile\systemDictionary.cpp, line 256]
Event: 64.747 Thread 0x0000020d7e9f1490 Exception <a 'java/lang/ClassNotFoundException'{0x00000000a4e0f080}: java/util/HashMap$NodeCustomizer> (0x00000000a4e0f080) 
thrown [e:\jenkins\tmp\workspace\build\src\src\hotspot\share\classfile\systemDictionary.cpp, line 256]
Event: 64.761 Thread 0x0000020d7e9f1490 Exception <a 'java/lang/ClassNotFoundException'{0x00000000a4e2df50}: java/util/LinkedHashMap$EntryCustomizer> (0x00000000a4e2df50) 
thrown [e:\jenkins\tmp\workspace\build\src\src\hotspot\share\classfile\systemDictionary.cpp, line 256]
Event: 64.766 Thread 0x0000020d7e9f1490 Exception <a 'java/lang/ClassNotFoundException'{0x00000000a4e3acd8}: com/netflix/eureka/util/StatusInfoBeanInfo> (0x00000000a4e3acd8) 
thrown [e:\jenkins\tmp\workspace\build\src\src\hotspot\share\classfile\systemDictionary.cpp, line 256]
Event: 64.768 Thread 0x0000020d7e9f1490 Exception <a 'java/lang/ClassNotFoundException'{0x00000000a4e41f98}: com/netflix/eureka/util/StatusInfoCustomizer> (0x00000000a4e41f98) 
thrown [e:\jenkins\tmp\workspace\build\src\src\hotspot\share\classfile\systemDictionary.cpp, line 256]

VM Operations (20 events):
Event: 73.751 Executing VM operation: Cleanup done
Event: 77.752 Executing VM operation: Cleanup
Event: 77.752 Executing VM operation: Cleanup done
Event: 78.505 Executing VM operation: HandshakeAllThreads
Event: 78.505 Executing VM operation: HandshakeAllThreads done
Event: 78.508 Executing VM operation: HandshakeAllThreads
Event: 78.508 Executing VM operation: HandshakeAllThreads done
Event: 78.524 Executing VM operation: HandshakeAllThreads
Event: 78.524 Executing VM operation: HandshakeAllThreads done
Event: 78.548 Executing VM operation: HandshakeAllThreads
Event: 78.548 Executing VM operation: HandshakeAllThreads done
Event: 78.947 Executing VM operation: HandshakeAllThreads
Event: 78.948 Executing VM operation: HandshakeAllThreads done
Event: 78.948 Executing VM operation: Cleanup
Event: 78.948 Executing VM operation: Cleanup done
Event: 80.042 Executing VM operation: G1CollectForAllocation
Event: 80.048 Executing VM operation: G1CollectForAllocation done
Event: 80.139 Executing VM operation: G1CollectForAllocation
Event: 80.148 Executing VM operation: G1CollectForAllocation done
Event: 80.247 Executing VM operation: G1CollectForAllocation

Events (20 events):
Event: 80.128 loading class java/net/SocksSocketImpl
Event: 80.129 loading class java/net/SocksConsts
Event: 80.129 loading class java/net/SocksConsts done
Event: 80.129 loading class java/net/DelegatingSocketImpl
Event: 80.130 loading class java/net/DelegatingSocketImpl done
Event: 80.130 loading class java/net/SocksSocketImpl done
Event: 80.130 loading class java/net/SocksSocketImpl$3
Event: 80.130 loading class java/net/SocksSocketImpl$3 done
Event: 80.130 loading class java/net/ProxySelector
Event: 80.131 loading class java/net/ProxySelector done
Event: 80.131 loading class sun/net/spi/DefaultProxySelector
Event: 80.131 loading class sun/net/spi/DefaultProxySelector done
Event: 80.131 loading class java/net/Proxy$Type
Event: 80.131 loading class java/net/Proxy$Type done
Event: 80.131 loading class sun/net/spi/DefaultProxySelector$1
Event: 80.131 loading class sun/net/spi/DefaultProxySelector$1 done
Event: 80.132 loading class sun/net/spi/DefaultProxySelector$NonProxyInfo
Event: 80.132 loading class sun/net/spi/DefaultProxySelector$NonProxyInfo done
Event: 80.132 loading class sun/net/spi/DefaultProxySelector$3
Event: 80.132 loading class sun/net/spi/DefaultProxySelector$3 done


Dynamic libraries:
0x00007ff6b05a0000 - 0x00007ff6b05ae000 	E:\program files\spring-tool-suite-4-4.14.0.RELEASE-e4.23.0-win32.win32.x86_64.self-extracting\contents\sts-4.14.0.RELEASE\plugins\org.eclipse.justj.openjdk.hotspot.jre.full.win32.x86_64_17.0.2.v20220201-1208\jre\bin\javaw.exe
0x00007ff97f9f0000 - 0x00007ff97fbe8000 	C:\WINDOWS\SYSTEM32\ntdll.dll
0x00007ff97de40000 - 0x00007ff97defd000 	C:\WINDOWS\System32\KERNEL32.DLL
0x00007ff97d3b0000 - 0x00007ff97d67e000 	C:\WINDOWS\System32\KERNELBASE.dll
0x00007ff97d6b0000 - 0x00007ff97d7b0000 	C:\WINDOWS\System32\ucrtbase.dll
0x00007ff9703e0000 - 0x00007ff9703f8000 	E:\program files\spring-tool-suite-4-4.14.0.RELEASE-e4.23.0-win32.win32.x86_64.self-extracting\contents\sts-4.14.0.RELEASE\plugins\org.eclipse.justj.openjdk.hotspot.jre.full.win32.x86_64_17.0.2.v20220201-1208\jre\bin\jli.dll
0x00007ff97f730000 - 0x00007ff97f8d0000 	C:\WINDOWS\System32\USER32.dll
0x00007ff97d680000 - 0x00007ff97d6a2000 	C:\WINDOWS\System32\win32u.dll
0x00007ff97db30000 - 0x00007ff97db5a000 	C:\WINDOWS\System32\GDI32.dll
0x00007ff97d140000 - 0x00007ff97d24b000 	C:\WINDOWS\System32\gdi32full.dll
0x00007ff97d800000 - 0x00007ff97d89d000 	C:\WINDOWS\System32\msvcp_win.dll
0x00007ff96d010000 - 0x00007ff96d029000 	E:\program files\spring-tool-suite-4-4.14.0.RELEASE-e4.23.0-win32.win32.x86_64.self-extracting\contents\sts-4.14.0.RELEASE\plugins\org.eclipse.justj.openjdk.hotspot.jre.full.win32.x86_64_17.0.2.v20220201-1208\jre\bin\VCRUNTIME140.dll
0x00007ff96cab0000 - 0x00007ff96cd4a000 	C:\WINDOWS\WinSxS\amd64_microsoft.windows.common-controls_6595b64144ccf1df_6.0.19041.1110_none_60b5254171f9507e\COMCTL32.dll
0x00007ff97f3d0000 - 0x00007ff97f46e000 	C:\WINDOWS\System32\msvcrt.dll
0x00007ff97f8d0000 - 0x00007ff97f900000 	C:\WINDOWS\System32\IMM32.DLL
0x00007ff9770d0000 - 0x00007ff9770dc000 	E:\program files\spring-tool-suite-4-4.14.0.RELEASE-e4.23.0-win32.win32.x86_64.self-extracting\contents\sts-4.14.0.RELEASE\plugins\org.eclipse.justj.openjdk.hotspot.jre.full.win32.x86_64_17.0.2.v20220201-1208\jre\bin\vcruntime140_1.dll
0x00007ff94cb50000 - 0x00007ff94cbe1000 	E:\program files\spring-tool-suite-4-4.14.0.RELEASE-e4.23.0-win32.win32.x86_64.self-extracting\contents\sts-4.14.0.RELEASE\plugins\org.eclipse.justj.openjdk.hotspot.jre.full.win32.x86_64_17.0.2.v20220201-1208\jre\bin\msvcp140.dll
0x00007ff90edd0000 - 0x00007ff90fa17000 	E:\program files\spring-tool-suite-4-4.14.0.RELEASE-e4.23.0-win32.win32.x86_64.self-extracting\contents\sts-4.14.0.RELEASE\plugins\org.eclipse.justj.openjdk.hotspot.jre.full.win32.x86_64_17.0.2.v20220201-1208\jre\bin\server\jvm.dll
0x00007ff97e6f0000 - 0x00007ff97e79e000 	C:\WINDOWS\System32\ADVAPI32.dll
0x00007ff97f910000 - 0x00007ff97f9ac000 	C:\WINDOWS\System32\sechost.dll
0x00007ff97dd10000 - 0x00007ff97de35000 	C:\WINDOWS\System32\RPCRT4.dll
0x00007ff97f900000 - 0x00007ff97f908000 	C:\WINDOWS\System32\PSAPI.DLL
0x00007ff95eb70000 - 0x00007ff95eb79000 	C:\WINDOWS\SYSTEM32\WSOCK32.dll
0x00007ff97f100000 - 0x00007ff97f16b000 	C:\WINDOWS\System32\WS2_32.dll
0x00007ff974ee0000 - 0x00007ff974f07000 	C:\WINDOWS\SYSTEM32\WINMM.dll
0x00007ff974f10000 - 0x00007ff974f1a000 	C:\WINDOWS\SYSTEM32\VERSION.dll
0x00007ff97b000000 - 0x00007ff97b012000 	C:\WINDOWS\SYSTEM32\kernel.appcore.dll
0x00007ff978b80000 - 0x00007ff978b8a000 	E:\program files\spring-tool-suite-4-4.14.0.RELEASE-e4.23.0-win32.win32.x86_64.self-extracting\contents\sts-4.14.0.RELEASE\plugins\org.eclipse.justj.openjdk.hotspot.jre.full.win32.x86_64_17.0.2.v20220201-1208\jre\bin\jimage.dll
0x00007ff9718e0000 - 0x00007ff971ac4000 	C:\WINDOWS\SYSTEM32\DBGHELP.DLL
0x00007ff969670000 - 0x00007ff96969c000 	C:\WINDOWS\SYSTEM32\dbgcore.DLL
0x00007ff97d9c0000 - 0x00007ff97da42000 	C:\WINDOWS\System32\bcryptPrimitives.dll
0x00007ff9756c0000 - 0x00007ff9756e5000 	E:\program files\spring-tool-suite-4-4.14.0.RELEASE-e4.23.0-win32.win32.x86_64.self-extracting\contents\sts-4.14.0.RELEASE\plugins\org.eclipse.justj.openjdk.hotspot.jre.full.win32.x86_64_17.0.2.v20220201-1208\jre\bin\java.dll
0x00007ff976ec0000 - 0x00007ff976ed8000 	E:\program files\spring-tool-suite-4-4.14.0.RELEASE-e4.23.0-win32.win32.x86_64.self-extracting\contents\sts-4.14.0.RELEASE\plugins\org.eclipse.justj.openjdk.hotspot.jre.full.win32.x86_64_17.0.2.v20220201-1208\jre\bin\zip.dll
0x00007ff97e9b0000 - 0x00007ff97f0f3000 	C:\WINDOWS\System32\SHELL32.dll
0x00007ff97b200000 - 0x00007ff97b995000 	C:\WINDOWS\SYSTEM32\windows.storage.dll
0x00007ff97e390000 - 0x00007ff97e6e4000 	C:\WINDOWS\System32\combase.dll
0x00007ff97caa0000 - 0x00007ff97cad0000 	C:\WINDOWS\SYSTEM32\Wldp.dll
0x00007ff97f320000 - 0x00007ff97f3cd000 	C:\WINDOWS\System32\SHCORE.dll
0x00007ff97f6d0000 - 0x00007ff97f725000 	C:\WINDOWS\System32\shlwapi.dll
0x00007ff97d050000 - 0x00007ff97d06f000 	C:\WINDOWS\SYSTEM32\profapi.dll
0x00007ff975650000 - 0x00007ff975669000 	E:\program files\spring-tool-suite-4-4.14.0.RELEASE-e4.23.0-win32.win32.x86_64.self-extracting\contents\sts-4.14.0.RELEASE\plugins\org.eclipse.justj.openjdk.hotspot.jre.full.win32.x86_64_17.0.2.v20220201-1208\jre\bin\net.dll
0x00007ff970df0000 - 0x00007ff970efa000 	C:\WINDOWS\SYSTEM32\WINHTTP.dll
0x00007ff97c800000 - 0x00007ff97c86a000 	C:\WINDOWS\system32\mswsock.dll
0x00007ff975570000 - 0x00007ff975585000 	E:\program files\spring-tool-suite-4-4.14.0.RELEASE-e4.23.0-win32.win32.x86_64.self-extracting\contents\sts-4.14.0.RELEASE\plugins\org.eclipse.justj.openjdk.hotspot.jre.full.win32.x86_64_17.0.2.v20220201-1208\jre\bin\nio.dll
0x00007ff970200000 - 0x00007ff970209000 	E:\program files\spring-tool-suite-4-4.14.0.RELEASE-e4.23.0-win32.win32.x86_64.self-extracting\contents\sts-4.14.0.RELEASE\plugins\org.eclipse.justj.openjdk.hotspot.jre.full.win32.x86_64_17.0.2.v20220201-1208\jre\bin\management.dll
0x00007ff970190000 - 0x00007ff97019b000 	E:\program files\spring-tool-suite-4-4.14.0.RELEASE-e4.23.0-win32.win32.x86_64.self-extracting\contents\sts-4.14.0.RELEASE\plugins\org.eclipse.justj.openjdk.hotspot.jre.full.win32.x86_64_17.0.2.v20220201-1208\jre\bin\management_ext.dll
0x00007ff968660000 - 0x00007ff968677000 	C:\WINDOWS\system32\napinsp.dll
0x00007ff968640000 - 0x00007ff96865b000 	C:\WINDOWS\system32\pnrpnsp.dll
0x00007ff978a90000 - 0x00007ff978aad000 	C:\WINDOWS\system32\NLAapi.dll
0x00007ff97c4f0000 - 0x00007ff97c52b000 	C:\WINDOWS\SYSTEM32\IPHLPAPI.DLL
0x00007ff97c530000 - 0x00007ff97c5fa000 	C:\WINDOWS\SYSTEM32\DNSAPI.dll
0x00007ff97dc70000 - 0x00007ff97dc78000 	C:\WINDOWS\System32\NSI.dll
0x00007ff978000000 - 0x00007ff978015000 	C:\WINDOWS\system32\wshbth.dll
0x00007ff9672f0000 - 0x00007ff967302000 	C:\WINDOWS\System32\winrnr.dll
0x00007ff975860000 - 0x00007ff97586a000 	C:\Windows\System32\rasadhlp.dll
0x00007ff9706a0000 - 0x00007ff970720000 	C:\WINDOWS\System32\fwpuclnt.dll
0x00007ff97d110000 - 0x00007ff97d137000 	C:\WINDOWS\System32\bcrypt.dll
0x00007ff97c9f0000 - 0x00007ff97ca08000 	C:\WINDOWS\SYSTEM32\CRYPTSP.dll
0x00007ff97c180000 - 0x00007ff97c1b4000 	C:\WINDOWS\system32\rsaenh.dll
0x00007ff97cfd0000 - 0x00007ff97cffe000 	C:\WINDOWS\SYSTEM32\USERENV.dll
0x00007ff97ca10000 - 0x00007ff97ca1c000 	C:\WINDOWS\SYSTEM32\CRYPTBASE.dll
0x00007ff973c80000 - 0x00007ff973c97000 	C:\WINDOWS\SYSTEM32\dhcpcsvc6.DLL
0x00007ff972300000 - 0x00007ff97231d000 	C:\WINDOWS\SYSTEM32\dhcpcsvc.DLL
0x00007ff978ab0000 - 0x00007ff978ac0000 	E:\program files\spring-tool-suite-4-4.14.0.RELEASE-e4.23.0-win32.win32.x86_64.self-extracting\contents\sts-4.14.0.RELEASE\plugins\org.eclipse.justj.openjdk.hotspot.jre.full.win32.x86_64_17.0.2.v20220201-1208\jre\bin\verify.dll
0x00007ff978b90000 - 0x00007ff978b9e000 	E:\program files\spring-tool-suite-4-4.14.0.RELEASE-e4.23.0-win32.win32.x86_64.self-extracting\contents\sts-4.14.0.RELEASE\plugins\org.eclipse.justj.openjdk.hotspot.jre.full.win32.x86_64_17.0.2.v20220201-1208\jre\bin\sunmscapi.dll
0x00007ff97d250000 - 0x00007ff97d3a6000 	C:\WINDOWS\System32\CRYPT32.dll
0x00007ff97cb10000 - 0x00007ff97cb37000 	C:\WINDOWS\SYSTEM32\ncrypt.dll
0x00007ff97cad0000 - 0x00007ff97cb0b000 	C:\WINDOWS\SYSTEM32\NTASN1.dll
0x00007ff9771c0000 - 0x00007ff9771c7000 	C:\WINDOWS\system32\wshunix.dll

dbghelp: loaded successfully - version: 4.0.5 - missing functions: none
symbol engine: initialized successfully - sym options: 0x614 - pdb path: .;E:\program files\spring-tool-suite-4-4.14.0.RELEASE-e4.23.0-win32.win32.x86_64.self-extracting\contents\sts-4.14.0.RELEASE\plugins\org.eclipse.justj.openjdk.hotspot.jre.full.win32.x86_64_17.0.2.v20220201-1208\jre\bin;C:\WINDOWS\SYSTEM32;C:\WINDOWS\WinSxS\amd64_microsoft.windows.common-controls_6595b64144ccf1df_6.0.19041.1110_none_60b5254171f9507e;E:\program files\spring-tool-suite-4-4.14.0.RELEASE-e4.23.0-win32.win32.x86_64.self-extracting\contents\sts-4.14.0.RELEASE\plugins\org.eclipse.justj.openjdk.hotspot.jre.full.win32.x86_64_17.0.2.v20220201-1208\jre\bin\server

VM Arguments:
jvm_args: -Dcom.sun.management.jmxremote -Dcom.sun.management.jmxremote.port=64325 -Dcom.sun.management.jmxremote.authenticate=false -Dcom.sun.management.jmxremote.ssl=false -Djava.rmi.server.hostname=localhost -Dspring.jmx.enabled=true -Dspring.application.admin.enabled=true -XX:TieredStopAtLevel=1 -Dspring.boot.project.name=EurekaServer -Dfile.encoding=UTF-8 -XX:+ShowCodeDetailsInExceptionMessages 
java_command: com.cdac.server.EurekaServerApplication --spring.output.ansi.enabled=always
java_class_path (initial): E:\download rest\New folder\CDAC\Group 2\CCV Project\EurekaServer\target\classes;C:\Users\Dell\.m2\repository\org\springframework\cloud\spring-cloud-starter-netflix-eureka-server\3.1.4\spring-cloud-starter-netflix-eureka-server-3.1.4.jar;C:\Users\Dell\.m2\repository\org\springframework\cloud\spring-cloud-starter\3.1.4\spring-cloud-starter-3.1.4.jar;C:\Users\Dell\.m2\repository\org\springframework\cloud\spring-cloud-context\3.1.4\spring-cloud-context-3.1.4.jar;C:\Users\Dell\.m2\repository\org\springframework\security\spring-security-crypto\5.7.3\spring-security-crypto-5.7.3.jar;C:\Users\Dell\.m2\repository\org\springframework\cloud\spring-cloud-commons\3.1.4\spring-cloud-commons-3.1.4.jar;C:\Users\Dell\.m2\repository\org\springframework\security\spring-security-rsa\1.0.11.RELEASE\spring-security-rsa-1.0.11.RELEASE.jar;C:\Users\Dell\.m2\repository\org\bouncycastle\bcpkix-jdk15on\1.69\bcpkix-jdk15on-1.69.jar;C:\Users\Dell\.m2\repository\org\bouncycastle\bcprov-jdk15on\1.69\bcprov-jdk15on-1.69.jar;C:\Users\Dell\.m2\repository\org\bouncycastle\bcutil-jdk15on\1.69\bcutil-jdk15on-1.69.jar;C:\Users\Dell\.m2\repository\org\springframework\cloud\spring-cloud-netflix-eureka-server\3.1.4\spring-cloud-netflix-eureka-server-3.1.4.jar;C:\Users\Dell\.m2\repository\org\springframework\boot\spring-boot-starter-web\2.7.3\spring-boot-starter-web-2.7.3.jar;C:\Users\Dell\.m2\repository\org\springframework\boot\spring-boot-starter-json\2.7.3\spring-boot-starter-json-2.7.3.jar;C:\Users\Dell\.m2\repository\com\fasterxml\jackson\datatype\jackson-datatype-jdk8\2.13.3\jackson-datatype-jdk8-2.13.3.jar;C:\Users\Dell\.m2\repository\com\fasterxml\jackson\datatype\jackson-datatype-jsr310\2.13.3\jackson-datatype-jsr310-2.13.3.jar;C:\Users\Dell\.m2\repository\com\fasterxml\jackson\module\jackson-module-parameter-names\2.13.3\jackson-module-parameter-names-2.13.3.jar;C:\Users\Dell\.m2\repository\org\springframework\boot\spring-boot-starter-tomcat\2.7.3\spring-boot-starter-
Launcher Type: SUN_STANDARD

[Global flags]
     intx CICompilerCount                          = 3                                         {product} {ergonomic}
     uint ConcGCThreads                            = 1                                         {product} {ergonomic}
     uint G1ConcRefinementThreads                  = 4                                         {product} {ergonomic}
   size_t G1HeapRegionSize                         = 1048576                                   {product} {ergonomic}
    uintx GCDrainStackTargetSize                   = 64                                        {product} {ergonomic}
   size_t InitialHeapSize                          = 100663296                                 {product} {ergonomic}
     bool ManagementServer                         = true                                      {product} {command line}
   size_t MarkStackSize                            = 4194304                                   {product} {ergonomic}
   size_t MaxHeapSize                              = 1581252608                                {product} {ergonomic}
   size_t MaxNewSize                               = 947912704                                 {product} {ergonomic}
   size_t MinHeapDeltaBytes                        = 1048576                                   {product} {ergonomic}
   size_t MinHeapSize                              = 8388608                                   {product} {ergonomic}
    uintx NonProfiledCodeHeapSize                  = 0                                      {pd product} {ergonomic}
     bool ProfileInterpreter                       = false                                  {pd product} {command line}
    uintx ProfiledCodeHeapSize                     = 0                                      {pd product} {ergonomic}
     bool ShowCodeDetailsInExceptionMessages       = true                                   {manageable} {command line}
   size_t SoftMaxHeapSize                          = 1581252608                             {manageable} {ergonomic}
     intx TieredStopAtLevel                        = 1                                         {product} {command line}
     bool UseCompressedClassPointers               = true                           {product lp64_product} {ergonomic}
     bool UseCompressedOops                        = true                           {product lp64_product} {ergonomic}
     bool UseG1GC                                  = true                                      {product} {ergonomic}
     bool UseLargePagesIndividualAllocation        = false                                  {pd product} {ergonomic}

Logging:
Log output configuration:
 #0: stdout all=warning uptime,level,tags
 #1: stderr all=off uptime,level,tags

Environment Variables:
PATH=E:/program files/spring-tool-suite-4-4.14.0.RELEASE-e4.23.0-win32.win32.x86_64.self-extracting/contents/sts-4.14.0.RELEASE//plugins/org.eclipse.justj.openjdk.hotspot.jre.full.win32.x86_64_17.0.2.v20220201-1208/jre/bin/server;E:/program files/spring-tool-suite-4-4.14.0.RELEASE-e4.23.0-win32.win32.x86_64.self-extracting/contents/sts-4.14.0.RELEASE//plugins/org.eclipse.justj.openjdk.hotspot.jre.full.win32.x86_64_17.0.2.v20220201-1208/jre/bin;G:\softwares\CDAC_SOFTWARES\WINDOWS.X64_213000_db_home\bin;C:\Program Files (x86)\Common Files\Oracle\Java\javapath;C:\Program Files\Python37\Scripts\;C:\Program Files\Python37\;C:\WINDOWS\system32;C:\WINDOWS;C:\WINDOWS\System32\Wbem;C:\WINDOWS\System32\WindowsPowerShell\v1.0\;C:\WINDOWS\System32\OpenSSH\;C:\Program Files\Java\jdk1.8.0_301\bin;E:\program files\Git\cmd;C:\Program Files\dotnet\;C:\Program Files\MongoDB\Server\5.0\bin;E:\program files\node\;C:\ProgramData\chocolatey\bin;C:\Program Files\Microsoft SQL Server\130\Tools\Binn\;C:\Program Files\Microsoft SQL Server\Client SDK\ODBC\170\Tools\Binn\;C:\Users\Dell\AppData\Local\Programs\Python\Python310\Scripts\;C:\Users\Dell\AppData\Local\Programs\Python\Python310\;C:\Program Files\MySQL\MySQL Shell 8.0\bin\;C:\Program Files\Java\jdk1.8.0_301\bin;C:\Program Files\JetBrains\PyCharm Community Edition 2021.2\bin;;E:\program files\JetBrains\IntelliJ IDEA Community Edition 2021.3.3\bin;;C:\Users\Dell\AppData\Roaming\npm;C:\Users\Dell\.dotnet\tools;C:\Users\Dell\AppData\Local\Programs\Microsoft VS Code\bin;;C:\WINDOWS\system32;
USERNAME=Dell
OS=Windows_NT
PROCESSOR_IDENTIFIER=AMD64 Family 23 Model 24 Stepping 1, AuthenticAMD



---------------  S Y S T E M  ---------------

OS:
 Windows 10 , 64 bit Build 19041 (10.0.19041.1889)
OS uptime: 5 days 13:31 hours

CPU: total 4 (initial active 4) (4 cores per cpu, 2 threads per core) family 23 model 24 stepping 1 microcode 0x0, cx8, cmov, fxsr, ht, mmx, 3dnowpref, sse, sse2, sse3, ssse3, sse4a, sse4.1, sse4.2, popcnt, lzcnt, tsc, tscinvbit, avx, avx2, aes, clmul, bmi1, bmi2, adx, sha, fma, vzeroupper, clflush, clflushopt

Memory: 4k page, system-wide physical 6030M (131M free)
TotalPageFile size 20238M (AvailPageFile size 15M)
current process WorkingSet (physical memory assigned to process): 192M, peak: 193M
current process commit charge ("private bytes"): 217M, peak: 238M

vm_info: OpenJDK 64-Bit Server VM (17.0.2+8) for windows-amd64 JRE (17.0.2+8), built on Jan 20 2022 04:52:34 by "" with MS VC++ 16.7 (VS2019)

END.
